DEBUG   |120724 18:49:23|Loading filters
DEBUG   |120724 18:49:23|-- Loading filter Directories
DEBUG   |120724 18:49:23|-- Loading filter Files
DEBUG   |120724 18:49:23|-- Loading filter Incremental
DEBUG   |120724 18:49:23|-- Loading filter Skipdirs
DEBUG   |120724 18:49:23|-- Loading filter Skipfiles
DEBUG   |120724 18:49:23|-- Loading filter Srpdata
DEBUG   |120724 18:49:23|-- Loading filter Srpdirs
DEBUG   |120724 18:49:23|-- Loading filter Srpfiles
DEBUG   |120724 18:49:23|-- Loading filter Srpskipdata
DEBUG   |120724 18:49:23|-- Loading filter Srpskipfiles
DEBUG   |120724 18:49:23|-- Loading filter Tabledata
DEBUG   |120724 18:49:23|-- Loading filter Tables
DEBUG   |120724 18:49:23|-- Loading filter PlatformFiles
DEBUG   |120724 18:49:23|-- Loading filter PlatformFolders
DEBUG   |120724 18:49:23|-- Loading filter PlatformLibraries
DEBUG   |120724 18:49:23|-- Loading filter PlatformSitedb
DEBUG   |120724 18:49:23|-- Loading filter PlatformSiteroot
DEBUG   |120724 18:49:23|-- Loading filter PlatformSkipdirs
DEBUG   |120724 18:49:23|-- Loading filter PlatformSkipfiles
DEBUG   |120724 18:49:23|-- Loading filter PlatformSystemcachefiles
DEBUG   |120724 18:49:23|-- Loading filter PlatformTabledata
DEBUG   |120724 18:49:23|Loading optional filters
DEBUG   |120724 18:49:23|-- Loading optional filter StackPlatformFinder
DEBUG   |120724 18:49:29|Loading filters
DEBUG   |120724 18:49:29|-- Loading filter Directories
DEBUG   |120724 18:49:29|-- Loading filter Files
DEBUG   |120724 18:49:29|-- Loading filter Incremental
DEBUG   |120724 18:49:29|-- Loading filter Skipdirs
DEBUG   |120724 18:49:29|-- Loading filter Skipfiles
DEBUG   |120724 18:49:29|-- Loading filter Srpdata
DEBUG   |120724 18:49:29|-- Loading filter Srpdirs
DEBUG   |120724 18:49:29|-- Loading filter Srpfiles
DEBUG   |120724 18:49:29|-- Loading filter Srpskipdata
DEBUG   |120724 18:49:29|-- Loading filter Srpskipfiles
DEBUG   |120724 18:49:29|-- Loading filter Tabledata
DEBUG   |120724 18:49:29|-- Loading filter Tables
DEBUG   |120724 18:49:29|-- Loading filter PlatformFiles
DEBUG   |120724 18:49:29|-- Loading filter PlatformFolders
DEBUG   |120724 18:49:29|-- Loading filter PlatformLibraries
DEBUG   |120724 18:49:29|-- Loading filter PlatformSitedb
DEBUG   |120724 18:49:29|-- Loading filter PlatformSiteroot
DEBUG   |120724 18:49:29|-- Loading filter PlatformSkipdirs
DEBUG   |120724 18:49:29|-- Loading filter PlatformSkipfiles
DEBUG   |120724 18:49:29|-- Loading filter PlatformSystemcachefiles
DEBUG   |120724 18:49:29|-- Loading filter PlatformTabledata
DEBUG   |120724 18:49:29|Loading optional filters
DEBUG   |120724 18:49:29|-- Loading optional filter StackPlatformFinder
